MySdk/app/build/intermediates/manifest_merge_blame_file/debug/manifest-merger-blame-debug-report.txt
1<?xml version="1.0" encoding="utf-8"?>
2<manifest xmlns:android="http://schemas.android.com/apk/res/android"
3    package="com.myyj.gamebase"
4    android:versionCode="1"
5    android:versionName="1.0" >
6
7    <uses-sdk
8        android:minSdkVersion="19"
8-->src\main\AndroidManifest.xml
9        android:targetSdkVersion="29" />
9-->src\main\AndroidManifest.xml
10
11    <uses-permission android:name="android.permission.ACCESS_NETWORK_STATE" />
11-->src\main\AndroidManifest.xml:46:5-79
11-->src\main\AndroidManifest.xml:46:22-76
12    <uses-permission android:name="android.permission.READ_PHONE_STATE" />
12-->src\main\AndroidManifest.xml:47:5-75
12-->src\main\AndroidManifest.xml:47:22-72
13    <uses-permission android:name="android.permission.READ_PHONE_NUMBERS" />
13-->src\main\AndroidManifest.xml:48:5-77
13-->src\main\AndroidManifest.xml:48:22-74
14    <uses-permission android:name="android.permission.CALL_PHONE" />
14-->src\main\AndroidManifest.xml:49:5-69
14-->src\main\AndroidManifest.xml:49:22-66
15    <uses-permission android:name="android.permission.SEND_SMS" />
15-->src\main\AndroidManifest.xml:50:5-67
15-->src\main\AndroidManifest.xml:50:22-64
16    <uses-permission android:name="android.permission.READ_SMS" />
16-->src\main\AndroidManifest.xml:51:5-67
16-->src\main\AndroidManifest.xml:51:22-64
17    <uses-permission android:name="android.permission.WRITE_SMS" />
17-->src\main\AndroidManifest.xml:52:5-67
17-->src\main\AndroidManifest.xml:52:22-65
18    <uses-permission android:name="android.permission.RECEIVE_SMS" />
18-->src\main\AndroidManifest.xml:53:5-70
18-->src\main\AndroidManifest.xml:53:22-67
19    <uses-permission android:name="android.permission.INTERNET" />
19-->src\main\AndroidManifest.xml:54:5-67
19-->src\main\AndroidManifest.xml:54:22-64
20    <uses-permission android:name="android.permission.ACCESS_WIFI_STATE" />
20-->src\main\AndroidManifest.xml:55:5-76
20-->src\main\AndroidManifest.xml:55:22-73
21
22    <application
22-->src\main\AndroidManifest.xml:5:5-44:19
23        android:name="com.myyj.gamebase.MyApplication"
23-->src\main\AndroidManifest.xml:6:9-38
24        android:allowBackup="true"
24-->src\main\AndroidManifest.xml:7:9-35
25        android:appComponentFactory="androidx.core.app.CoreComponentFactory"
25-->[androidx.core:core:1.0.1] AndroidManifest.xml:22:18-86
26        android:debuggable="true"
27        android:icon="@mipmap/ic_launcher"
27-->src\main\AndroidManifest.xml:8:9-43
28        android:label="@string/app_name"
28-->src\main\AndroidManifest.xml:9:9-41
29        android:roundIcon="@mipmap/ic_launcher_round"
29-->src\main\AndroidManifest.xml:10:9-54
30        android:supportsRtl="true"
30-->src\main\AndroidManifest.xml:11:9-35
31        android:theme="@style/AppTheme"
31-->src\main\AndroidManifest.xml:13:9-40
32        android:usesCleartextTraffic="true" >
32-->src\main\AndroidManifest.xml:12:9-44
33        <activity
33-->src\main\AndroidManifest.xml:14:9-36:20
34            android:name="com.myyj.gamebase.MainActivity"
34-->src\main\AndroidManifest.xml:15:13-41
35            android:label="@string/app_name"
35-->src\main\AndroidManifest.xml:16:13-45
36            android:screenOrientation="portrait"
36-->src\main\AndroidManifest.xml:18:13-49
37            android:theme="@style/AppTheme.NoActionBar" >
37-->src\main\AndroidManifest.xml:17:13-56
38            <intent-filter>
38-->src\main\AndroidManifest.xml:19:13-25:29
39                <action android:name="android.intent.action.MAIN" />
39-->src\main\AndroidManifest.xml:20:17-69
39-->src\main\AndroidManifest.xml:20:25-66
40                <!-- <action android:name="android.provider.OppoSpeechAssist.SMS_RECEIVED" /> -->
41                <!-- <action android:name="android.provider.Telephony.SMS_RECEIVED" /> -->
42
43                <category android:name="android.intent.category.LAUNCHER" />
43-->src\main\AndroidManifest.xml:24:17-77
43-->src\main\AndroidManifest.xml:24:27-74
44            </intent-filter>
45            <intent-filter>
45-->src\main\AndroidManifest.xml:26:13-35:29
46                <action android:name="android.intent.action.SEND" />
46-->src\main\AndroidManifest.xml:27:17-69
46-->src\main\AndroidManifest.xml:27:25-66
47                <action android:name="android.intent.action.SENDTO" />
47-->src\main\AndroidManifest.xml:28:17-71
47-->src\main\AndroidManifest.xml:28:25-68
48
49                <category android:name="android.intent.category.DEFAULT" />
49-->src\main\AndroidManifest.xml:29:17-76
49-->src\main\AndroidManifest.xml:29:27-73
50                <category android:name="android.intent.category.BROWSABLE" />
50-->src\main\AndroidManifest.xml:30:17-78
50-->src\main\AndroidManifest.xml:30:27-75
51
52                <data android:scheme="sms" />
52-->src\main\AndroidManifest.xml:31:17-46
52-->src\main\AndroidManifest.xml:31:23-43
53                <data android:scheme="smsto" />
53-->src\main\AndroidManifest.xml:31:17-46
53-->src\main\AndroidManifest.xml:31:23-43
54                <data android:scheme="mms" />
54-->src\main\AndroidManifest.xml:31:17-46
54-->src\main\AndroidManifest.xml:31:23-43
55                <data android:scheme="mmsto" />
55-->src\main\AndroidManifest.xml:31:17-46
55-->src\main\AndroidManifest.xml:31:23-43
56            </intent-filter>
57        </activity>
58
59        <service android:name="com.myyj.gamebase.udid.OpenUDID_service" >
59-->src\main\AndroidManifest.xml:37:9-41:19
59-->src\main\AndroidManifest.xml:37:18-72
60            <intent-filter>
60-->src\main\AndroidManifest.xml:38:13-40:29
61                <action android:name="org.openudid.GETUDID" />
61-->src\main\AndroidManifest.xml:39:17-63
61-->src\main\AndroidManifest.xml:39:25-60
62            </intent-filter>
63        </service>
64
65        <meta-data
65-->src\main\AndroidManifest.xml:42:9-90
66            android:name="UMENG_APPKEY"
66-->src\main\AndroidManifest.xml:42:20-47
67            android:value="5d4791823fc195c2e0000055" />
67-->src\main\AndroidManifest.xml:42:48-88
68        <meta-data
68-->src\main\AndroidManifest.xml:43:9-72
69            android:name="UMENG_CHANNEL"
69-->src\main\AndroidManifest.xml:43:20-48
70            android:value="CMCC" />
70-->src\main\AndroidManifest.xml:43:49-69
71        <!-- BroadcastReceiver that listens for incoming SMS messages -->
72        <receiver
72-->[:sdk] AndroidManifest.xml:16:9-22:20
73            android:name="com.myyj.sdk.SmsReceiver"
73-->[:sdk] AndroidManifest.xml:17:13-52
74            android:permission="android.permission.BROADCAST_SMS" >
74-->[:sdk] AndroidManifest.xml:18:13-66
75            <intent-filter>
75-->[:sdk] AndroidManifest.xml:19:13-21:29
76                <action android:name="android.provider.Telephony.SMS_DELIVER" />
76-->[:sdk] AndroidManifest.xml:20:17-81
76-->[:sdk] AndroidManifest.xml:20:25-78
77            </intent-filter>
78        </receiver> <!-- BroadcastReceiver that listens for incoming MMS messages -->
79        <receiver
79-->[:sdk] AndroidManifest.xml:25:9-33:20
80            android:name="com.myyj.sdk.MmsReceiver"
80-->[:sdk] AndroidManifest.xml:26:13-52
81            android:permission="android.permission.BROADCAST_WAP_PUSH" >
81-->[:sdk] AndroidManifest.xml:27:13-71
82            <intent-filter>
82-->[:sdk] AndroidManifest.xml:28:13-32:29
83                <action android:name="android.provider.Telephony.WAP_PUSH_DELIVER" />
83-->[:sdk] AndroidManifest.xml:29:17-86
83-->[:sdk] AndroidManifest.xml:29:25-83
84
85                <data android:mimeType="application/vnd.wap.mms-message" />
85-->src\main\AndroidManifest.xml:31:17-46
86            </intent-filter>
87        </receiver> <!-- Service that delivers messages from the phone "quick response" -->
88        <service
88-->[:sdk] AndroidManifest.xml:36:9-50:19
89            android:name="com.myyj.sdk.HeadlessSmsSendService"
89-->[:sdk] AndroidManifest.xml:37:13-63
90            android:exported="true"
90-->[:sdk] AndroidManifest.xml:38:13-36
91            android:permission="android.permission.SEND_RESPOND_VIA_MESSAGE" >
91-->[:sdk] AndroidManifest.xml:39:13-77
92            <intent-filter>
92-->[:sdk] AndroidManifest.xml:40:13-49:29
93                <action android:name="android.intent.action.RESPOND_VIA_MESSAGE" />
93-->[:sdk] AndroidManifest.xml:41:17-84
93-->[:sdk] AndroidManifest.xml:41:25-81
94
95                <category android:name="android.intent.category.DEFAULT" />
95-->src\main\AndroidManifest.xml:29:17-76
95-->src\main\AndroidManifest.xml:29:27-73
96
97                <data android:scheme="sms" />
97-->src\main\AndroidManifest.xml:31:17-46
97-->src\main\AndroidManifest.xml:31:23-43
98                <data android:scheme="smsto" />
98-->src\main\AndroidManifest.xml:31:17-46
98-->src\main\AndroidManifest.xml:31:23-43
99                <data android:scheme="mms" />
99-->src\main\AndroidManifest.xml:31:17-46
99-->src\main\AndroidManifest.xml:31:23-43
100                <data android:scheme="mmsto" />
100-->src\main\AndroidManifest.xml:31:17-46
100-->src\main\AndroidManifest.xml:31:23-43
101            </intent-filter>
102        </service>
103        <service android:name="com.myyj.sdk.TimerService" />
103-->[:sdk] AndroidManifest.xml:51:9-61
103-->[:sdk] AndroidManifest.xml:51:18-58
104
105        <provider
105-->[com.qw:soulpermission:1.2.1_x] AndroidManifest.xml:12:9-16:43
106            android:name="com.qw.soul.permission.InitProvider"
106-->[com.qw:soulpermission:1.2.1_x] AndroidManifest.xml:13:13-63
107            android:authorities="com.myyj.gamebase.permission.provider"
107-->[com.qw:soulpermission:1.2.1_x] AndroidManifest.xml:14:13-71
108            android:exported="false"
108-->[com.qw:soulpermission:1.2.1_x] AndroidManifest.xml:15:13-37
109            android:multiprocess="true" />
109-->[com.qw:soulpermission:1.2.1_x] AndroidManifest.xml:16:13-40
110    </application>
111
112</manifest>